/*C1*/SET SCHEMA SYSTEM_LOBS
INSERT INTO BLOCKS VALUES(0,2147483647,0)
COMMIT
/*C2*/SET SCHEMA PUBLIC
DISCONNECT
/*C3*/SET SCHEMA PUBLIC
\u000a    drop table Bid if exists
\u000a    drop table Item if exists
\u000a    drop table user_table if exists
\u000a    create table Bid (\u000a        id integer generated by default as identity (start with 1),\u000a        item_id integer,\u000a        user_id integer,\u000a        primary key (id)\u000a    )
\u000a    create table Item (\u000a        id integer generated by default as identity (start with 1),\u000a        description varchar(255),\u000a        isBuy boolean,\u000a        name varchar(255),\u000a        user_id integer,\u000a        primary key (id)\u000a    )
\u000a    create table user_table (\u000a        id integer generated by default as identity (start with 1),\u000a        name varchar(255),\u000a        password varchar(255),\u000a        primary key (id)\u000a    )
\u000a    alter table Bid \u000a        add constraint FK104DD4EC7EC5D \u000a        foreign key (item_id) \u000a        references Item
\u000a    alter table Bid \u000a        add constraint FK104DDC7E5915D \u000a        foreign key (user_id) \u000a        references user_table
\u000a    alter table Item \u000a        add constraint FK22EF33C7E5915D \u000a        foreign key (user_id) \u000a        references user_table
DISCONNECT
/*C4*/SET SCHEMA PUBLIC
INSERT INTO USER_TABLE VALUES(1,'User1','1111')
INSERT INTO USER_TABLE VALUES(2,'User2','2222')
INSERT INTO USER_TABLE VALUES(3,'User3','9876')
INSERT INTO ITEM VALUES(1,'1',FALSE,'Item1',1)
INSERT INTO ITEM VALUES(2,'2',FALSE,'Item2',2)
INSERT INTO ITEM VALUES(3,'3',FALSE,'Item3',1)
INSERT INTO BID VALUES(1,2,1)
INSERT INTO BID VALUES(2,1,2)
DELETE FROM ITEM WHERE ID=1
INSERT INTO ITEM VALUES(1,'1',TRUE,'Item1',1)
DELETE FROM ITEM WHERE ID=2
INSERT INTO ITEM VALUES(2,'2',TRUE,'Item2',2)
COMMIT
DISCONNECT
/*C5*/SET SCHEMA PUBLIC
DISCONNECT
/*C6*/SET SCHEMA PUBLIC
DISCONNECT
